app/build/intermediates/manifest_merge_blame_file/debug/manifest-merger-blame-debug-report.txt
1<?xml version="1.0" encoding="utf-8"?>
2<manifest xmlns:android="http://schemas.android.com/apk/res/android"
3    package="nir.wolff"
4    android:versionCode="1"
5    android:versionName="1.0" >
6
7    <uses-sdk
8        android:minSdkVersion="23"
9        android:targetSdkVersion="34" />
10
11    <uses-permission android:name="android.permission.INTERNET" />
11-->src/main/AndroidManifest.xml:4:5-67
11-->src/main/AndroidManifest.xml:4:22-64
12    <uses-permission android:name="android.permission.ACCESS_FINE_LOCATION" />
12-->src/main/AndroidManifest.xml:5:5-79
12-->src/main/AndroidManifest.xml:5:22-76
13    <uses-permission android:name="android.permission.ACCESS_COARSE_LOCATION" />
13-->src/main/AndroidManifest.xml:6:5-81
13-->src/main/AndroidManifest.xml:6:22-78
14    <uses-permission android:name="android.permission.POST_NOTIFICATIONS" />
14-->src/main/AndroidManifest.xml:7:5-77
14-->src/main/AndroidManifest.xml:7:22-74
15    <!-- Include required permissions for Google Maps API to run. -->
16    <uses-permission android:name="android.permission.ACCESS_NETWORK_STATE" />
16-->[com.google.android.gms:play-services-maps:18.2.0] AndroidManifest.xml:23:5-79
16-->[com.google.android.gms:play-services-maps:18.2.0] AndroidManifest.xml:23:22-76
17
18    <uses-feature
18-->[com.google.android.gms:play-services-maps:18.2.0] AndroidManifest.xml:26:5-28:35
19        android:glEsVersion="0x00020000"
19-->[com.google.android.gms:play-services-maps:18.2.0] AndroidManifest.xml:27:9-41
20        android:required="true" />
20-->[com.google.android.gms:play-services-maps:18.2.0] AndroidManifest.xml:28:9-32
21
22    <queries>
22-->[com.google.android.gms:play-services-maps:18.2.0] AndroidManifest.xml:30:5-34:15
23
24        <!-- Needs to be explicitly declared on Android R+ -->
25        <package android:name="com.google.android.apps.maps" />
25-->[com.google.android.gms:play-services-maps:18.2.0] AndroidManifest.xml:33:9-64
25-->[com.google.android.gms:play-services-maps:18.2.0] AndroidManifest.xml:33:18-61
26    </queries>
27
28    <uses-permission android:name="android.permission.WAKE_LOCK" /> <!-- Required by older versions of Google Play services to create IID tokens -->
28-->[com.google.firebase:firebase-messaging:23.4.0] AndroidManifest.xml:24:5-68
28-->[com.google.firebase:firebase-messaging:23.4.0] AndroidManifest.xml:24:22-65
29    <uses-permission android:name="com.google.android.c2dm.permission.RECEIVE" />
29-->[com.google.firebase:firebase-messaging:23.4.0] AndroidManifest.xml:26:5-82
29-->[com.google.firebase:firebase-messaging:23.4.0] AndroidManifest.xml:26:22-79
30    <uses-permission android:name="com.google.android.finsky.permission.BIND_GET_INSTALL_REFERRER_SERVICE" />
30-->[com.google.android.gms:play-services-measurement:21.5.0] AndroidManifest.xml:26:5-110
30-->[com.google.android.gms:play-services-measurement:21.5.0] AndroidManifest.xml:26:22-107
31    <uses-permission android:name="com.google.android.gms.permission.AD_ID" />
31-->[com.google.android.gms:play-services-measurement-impl:21.5.0] AndroidManifest.xml:27:5-79
31-->[com.google.android.gms:play-services-measurement-impl:21.5.0] AndroidManifest.xml:27:22-76
32
33    <permission
33-->[androidx.core:core:1.12.0] AndroidManifest.xml:22:5-24:47
34        android:name="nir.wolff.DYNAMIC_RECEIVER_NOT_EXPORTED_PERMISSION"
34-->[androidx.core:core:1.12.0] AndroidManifest.xml:23:9-81
35        android:protectionLevel="signature" />
35-->[androidx.core:core:1.12.0] AndroidManifest.xml:24:9-44
36
37    <uses-permission android:name="nir.wolff.DYNAMIC_RECEIVER_NOT_EXPORTED_PERMISSION" />
37-->[androidx.core:core:1.12.0] AndroidManifest.xml:26:5-97
37-->[androidx.core:core:1.12.0] AndroidManifest.xml:26:22-94
38    <uses-permission android:name="android.permission.ACCESS_ADSERVICES_ATTRIBUTION" />
38-->[com.google.android.gms:play-services-measurement-api:21.5.0] AndroidManifest.xml:26:5-88
38-->[com.google.android.gms:play-services-measurement-api:21.5.0] AndroidManifest.xml:26:22-85
39    <uses-permission android:name="android.permission.ACCESS_ADSERVICES_AD_ID" />
39-->[com.google.android.gms:play-services-measurement-api:21.5.0] AndroidManifest.xml:27:5-82
39-->[com.google.android.gms:play-services-measurement-api:21.5.0] AndroidManifest.xml:27:22-79
40
41    <application
41-->src/main/AndroidManifest.xml:9:5-71:19
42        android:name="nir.wolff.SafetyAlertApplication"
42-->src/main/AndroidManifest.xml:10:9-47
43        android:allowBackup="true"
43-->src/main/AndroidManifest.xml:11:9-35
44        android:appComponentFactory="androidx.core.app.CoreComponentFactory"
44-->[androidx.core:core:1.12.0] AndroidManifest.xml:28:18-86
45        android:debuggable="true"
46        android:extractNativeLibs="false"
47        android:icon="@mipmap/ic_launcher"
47-->src/main/AndroidManifest.xml:12:9-43
48        android:label="@string/app_name"
48-->src/main/AndroidManifest.xml:13:9-41
49        android:networkSecurityConfig="@xml/network_security_config"
49-->src/main/AndroidManifest.xml:16:9-69
50        android:roundIcon="@mipmap/ic_launcher_round"
50-->src/main/AndroidManifest.xml:14:9-54
51        android:supportsRtl="true"
51-->src/main/AndroidManifest.xml:15:9-35
52        android:theme="@style/Theme.SafetyAlert" >
52-->src/main/AndroidManifest.xml:17:9-49
53        <meta-data
53-->src/main/AndroidManifest.xml:19:9-21:55
54            android:name="com.google.android.geo.API_KEY"
54-->src/main/AndroidManifest.xml:20:13-58
55            android:value="@string/google_maps_key" />
55-->src/main/AndroidManifest.xml:21:13-52
56
57        <activity
57-->src/main/AndroidManifest.xml:23:9-30:20
58            android:name="nir.wolff.ui.auth.SignInActivity"
58-->src/main/AndroidManifest.xml:24:13-51
59            android:exported="true" >
59-->src/main/AndroidManifest.xml:25:13-36
60            <intent-filter>
60-->src/main/AndroidManifest.xml:26:13-29:29
61                <action android:name="android.intent.action.MAIN" />
61-->src/main/AndroidManifest.xml:27:17-69
61-->src/main/AndroidManifest.xml:27:25-66
62
63                <category android:name="android.intent.category.LAUNCHER" />
63-->src/main/AndroidManifest.xml:28:17-77
63-->src/main/AndroidManifest.xml:28:27-74
64            </intent-filter>
65        </activity>
66        <activity
66-->src/main/AndroidManifest.xml:32:9-34:40
67            android:name="nir.wolff.ui.main.MainActivity"
67-->src/main/AndroidManifest.xml:33:13-49
68            android:exported="false" />
68-->src/main/AndroidManifest.xml:34:13-37
69        <activity
69-->src/main/AndroidManifest.xml:36:9-38:40
70            android:name="nir.wolff.ui.groups.CreateGroupActivity"
70-->src/main/AndroidManifest.xml:37:13-58
71            android:exported="false" />
71-->src/main/AndroidManifest.xml:38:13-37
72        <activity
72-->src/main/AndroidManifest.xml:40:9-44:81
73            android:name="nir.wolff.ui.groups.GroupDetailsActivity"
73-->src/main/AndroidManifest.xml:41:13-59
74            android:exported="false"
74-->src/main/AndroidManifest.xml:43:13-37
75            android:label="Group Details"
75-->src/main/AndroidManifest.xml:42:13-42
76            android:theme="@style/Theme.MaterialComponents.Light.NoActionBar" />
76-->src/main/AndroidManifest.xml:44:13-78
77        <activity
77-->src/main/AndroidManifest.xml:46:9-49:41
78            android:name="nir.wolff.ui.map.MapActivity"
78-->src/main/AndroidManifest.xml:47:13-47
79            android:exported="false"
79-->src/main/AndroidManifest.xml:48:13-37
80            android:label="Group Map" />
80-->src/main/AndroidManifest.xml:49:13-38
81        <activity
81-->src/main/AndroidManifest.xml:51:9-53:40
82            android:name="nir.wolff.ui.test.TestActivity"
82-->src/main/AndroidManifest.xml:52:13-49
83            android:exported="false" />
83-->src/main/AndroidManifest.xml:53:13-37
84        <activity
84-->src/main/AndroidManifest.xml:55:9-57:40
85            android:name="nir.wolff.ui.profile.ProfileActivity"
85-->src/main/AndroidManifest.xml:56:13-55
86            android:exported="false" />
86-->src/main/AndroidManifest.xml:57:13-37
87        <activity
87-->src/main/AndroidManifest.xml:59:9-62:38
88            android:name="nir.wolff.ui.alerts.AlertsActivity"
88-->src/main/AndroidManifest.xml:60:13-53
89            android:exported="false"
89-->src/main/AndroidManifest.xml:61:13-37
90            android:label="Alerts" />
90-->src/main/AndroidManifest.xml:62:13-35
91
92        <service
92-->src/main/AndroidManifest.xml:64:9-70:19
93            android:name="nir.wolff.service.SafetyAlertMessagingService"
93-->src/main/AndroidManifest.xml:65:13-64
94            android:exported="false" >
94-->src/main/AndroidManifest.xml:66:13-37
95            <intent-filter>
95-->src/main/AndroidManifest.xml:67:13-69:29
96                <action android:name="com.google.firebase.MESSAGING_EVENT" />
96-->src/main/AndroidManifest.xml:68:17-78
96-->src/main/AndroidManifest.xml:68:25-75
97            </intent-filter>
98        </service>
99        <!-- Needs to be explicitly declared on P+ -->
100        <uses-library
100-->[com.google.android.gms:play-services-maps:18.2.0] AndroidManifest.xml:39:9-41:40
101            android:name="org.apache.http.legacy"
101-->[com.google.android.gms:play-services-maps:18.2.0] AndroidManifest.xml:40:13-50
102            android:required="false" />
102-->[com.google.android.gms:play-services-maps:18.2.0] AndroidManifest.xml:41:13-37
103
104        <activity
104-->[com.google.android.gms:play-services-auth:20.7.0] AndroidManifest.xml:23:9-27:75
105            android:name="com.google.android.gms.auth.api.signin.internal.SignInHubActivity"
105-->[com.google.android.gms:play-services-auth:20.7.0] AndroidManifest.xml:24:13-93
106            android:excludeFromRecents="true"
106-->[com.google.android.gms:play-services-auth:20.7.0] AndroidManifest.xml:25:13-46
107            android:exported="false"
107-->[com.google.android.gms:play-services-auth:20.7.0] AndroidManifest.xml:26:13-37
108            android:theme="@android:style/Theme.Translucent.NoTitleBar" />
108-->[com.google.android.gms:play-services-auth:20.7.0] AndroidManifest.xml:27:13-72
109        <!--
110            Service handling Google Sign-In user revocation. For apps that do not integrate with
111            Google Sign-In, this service will never be started.
112        -->
113        <service
113-->[com.google.android.gms:play-services-auth:20.7.0] AndroidManifest.xml:33:9-37:51
114            android:name="com.google.android.gms.auth.api.signin.RevocationBoundService"
114-->[com.google.android.gms:play-services-auth:20.7.0] AndroidManifest.xml:34:13-89
115            android:exported="true"
115-->[com.google.android.gms:play-services-auth:20.7.0] AndroidManifest.xml:35:13-36
116            android:permission="com.google.android.gms.auth.api.signin.permission.REVOCATION_NOTIFICATION"
116-->[com.google.android.gms:play-services-auth:20.7.0] AndroidManifest.xml:36:13-107
117            android:visibleToInstantApps="true" />
117-->[com.google.android.gms:play-services-auth:20.7.0] AndroidManifest.xml:37:13-48
118        <service
118-->[com.google.firebase:firebase-auth-ktx:22.3.0] AndroidManifest.xml:8:9-14:19
119            android:name="com.google.firebase.components.ComponentDiscoveryService"
119-->[com.google.firebase:firebase-auth-ktx:22.3.0] AndroidManifest.xml:9:13-84
120            android:directBootAware="true"
120-->[com.google.firebase:firebase-common:20.4.2] AndroidManifest.xml:32:13-43
121            android:exported="false" >
121-->[com.google.firebase:firebase-auth-ktx:22.3.0] AndroidManifest.xml:10:13-37
122            <meta-data
122-->[com.google.firebase:firebase-auth-ktx:22.3.0] AndroidManifest.xml:11:13-13:85
123                android:name="com.google.firebase.components:com.google.firebase.auth.ktx.FirebaseAuthLegacyRegistrar"
123-->[com.google.firebase:firebase-auth-ktx:22.3.0] AndroidManifest.xml:12:17-119
124                android:value="com.google.firebase.components.ComponentRegistrar" />
124-->[com.google.firebase:firebase-auth-ktx:22.3.0] AndroidManifest.xml:13:17-82
125            <meta-data
125-->[com.google.firebase:firebase-auth:22.3.0] AndroidManifest.xml:69:13-71:85
126                android:name="com.google.firebase.components:com.google.firebase.auth.FirebaseAuthRegistrar"
126-->[com.google.firebase:firebase-auth:22.3.0] AndroidManifest.xml:70:17-109
127                android:value="com.google.firebase.components.ComponentRegistrar" />
127-->[com.google.firebase:firebase-auth:22.3.0] AndroidManifest.xml:71:17-82
128            <meta-data
128-->[com.google.firebase:firebase-firestore-ktx:24.10.0] AndroidManifest.xml:12:13-14:85
129                android:name="com.google.firebase.components:com.google.firebase.firestore.ktx.FirebaseFirestoreLegacyRegistrar"
129-->[com.google.firebase:firebase-firestore-ktx:24.10.0] AndroidManifest.xml:13:17-129
130                android:value="com.google.firebase.components.ComponentRegistrar" />
130-->[com.google.firebase:firebase-firestore-ktx:24.10.0] AndroidManifest.xml:14:17-82
131            <meta-data
131-->[com.google.firebase:firebase-firestore:24.10.0] AndroidManifest.xml:17:13-19:85
132                android:name="com.google.firebase.components:com.google.firebase.firestore.FirebaseFirestoreKtxRegistrar"
132-->[com.google.firebase:firebase-firestore:24.10.0] AndroidManifest.xml:18:17-122
133                android:value="com.google.firebase.components.ComponentRegistrar" />
133-->[com.google.firebase:firebase-firestore:24.10.0] AndroidManifest.xml:19:17-82
134            <meta-data
134-->[com.google.firebase:firebase-firestore:24.10.0] AndroidManifest.xml:20:13-22:85
135                android:name="com.google.firebase.components:com.google.firebase.firestore.FirestoreRegistrar"
135-->[com.google.firebase:firebase-firestore:24.10.0] AndroidManifest.xml:21:17-111
136                android:value="com.google.firebase.components.ComponentRegistrar" />
136-->[com.google.firebase:firebase-firestore:24.10.0] AndroidManifest.xml:22:17-82
137            <meta-data
137-->[com.google.firebase:firebase-messaging-ktx:23.4.0] AndroidManifest.xml:26:13-28:85
138                android:name="com.google.firebase.components:com.google.firebase.messaging.ktx.FirebaseMessagingLegacyRegistrar"
138-->[com.google.firebase:firebase-messaging-ktx:23.4.0] AndroidManifest.xml:27:17-129
139                android:value="com.google.firebase.components.ComponentRegistrar" />
139-->[com.google.firebase:firebase-messaging-ktx:23.4.0] AndroidManifest.xml:28:17-82
140            <meta-data
140-->[com.google.firebase:firebase-messaging:23.4.0] AndroidManifest.xml:57:13-59:85
141                android:name="com.google.firebase.components:com.google.firebase.messaging.FirebaseMessagingKtxRegistrar"
141-->[com.google.firebase:firebase-messaging:23.4.0] AndroidManifest.xml:58:17-122
142                android:value="com.google.firebase.components.ComponentRegistrar" />
142-->[com.google.firebase:firebase-messaging:23.4.0] AndroidManifest.xml:59:17-82
143            <meta-data
143-->[com.google.firebase:firebase-messaging:23.4.0] AndroidManifest.xml:60:13-62:85
144                android:name="com.google.firebase.components:com.google.firebase.messaging.FirebaseMessagingRegistrar"
144-->[com.google.firebase:firebase-messaging:23.4.0] AndroidManifest.xml:61:17-119
145                android:value="com.google.firebase.components.ComponentRegistrar" />
145-->[com.google.firebase:firebase-messaging:23.4.0] AndroidManifest.xml:62:17-82
146            <meta-data
146-->[com.google.firebase:firebase-analytics-ktx:21.5.0] AndroidManifest.xml:11:13-13:85
147                android:name="com.google.firebase.components:com.google.firebase.analytics.ktx.FirebaseAnalyticsLegacyRegistrar"
147-->[com.google.firebase:firebase-analytics-ktx:21.5.0] AndroidManifest.xml:12:17-129
148                android:value="com.google.firebase.components.ComponentRegistrar" />
148-->[com.google.firebase:firebase-analytics-ktx:21.5.0] AndroidManifest.xml:13:17-82
149            <meta-data
149-->[com.google.android.gms:play-services-measurement-api:21.5.0] AndroidManifest.xml:37:13-39:85
150                android:name="com.google.firebase.components:com.google.firebase.analytics.connector.internal.AnalyticsConnectorRegistrar"
150-->[com.google.android.gms:play-services-measurement-api:21.5.0] AndroidManifest.xml:38:17-139
151                android:value="com.google.firebase.components.ComponentRegistrar" />
151-->[com.google.android.gms:play-services-measurement-api:21.5.0] AndroidManifest.xml:39:17-82
152            <meta-data
152-->[com.google.firebase:firebase-installations:17.2.0] AndroidManifest.xml:15:13-17:85
153                android:name="com.google.firebase.components:com.google.firebase.installations.FirebaseInstallationsKtxRegistrar"
153-->[com.google.firebase:firebase-installations:17.2.0] AndroidManifest.xml:16:17-130
154                android:value="com.google.firebase.components.ComponentRegistrar" />
154-->[com.google.firebase:firebase-installations:17.2.0] AndroidManifest.xml:17:17-82
155            <meta-data
155-->[com.google.firebase:firebase-installations:17.2.0] AndroidManifest.xml:18:13-20:85
156                android:name="com.google.firebase.components:com.google.firebase.installations.FirebaseInstallationsRegistrar"
156-->[com.google.firebase:firebase-installations:17.2.0] AndroidManifest.xml:19:17-127
157                android:value="com.google.firebase.components.ComponentRegistrar" />
157-->[com.google.firebase:firebase-installations:17.2.0] AndroidManifest.xml:20:17-82
158            <meta-data
158-->[com.google.firebase:firebase-common-ktx:20.4.2] AndroidManifest.xml:12:13-14:85
159                android:name="com.google.firebase.components:com.google.firebase.ktx.FirebaseCommonLegacyRegistrar"
159-->[com.google.firebase:firebase-common-ktx:20.4.2] AndroidManifest.xml:13:17-116
160                android:value="com.google.firebase.components.ComponentRegistrar" />
160-->[com.google.firebase:firebase-common-ktx:20.4.2] AndroidManifest.xml:14:17-82
161            <meta-data
161-->[com.google.firebase:firebase-common:20.4.2] AndroidManifest.xml:35:13-37:85
162                android:name="com.google.firebase.components:com.google.firebase.FirebaseCommonKtxRegistrar"
162-->[com.google.firebase:firebase-common:20.4.2] AndroidManifest.xml:36:17-109
163                android:value="com.google.firebase.components.ComponentRegistrar" />
163-->[com.google.firebase:firebase-common:20.4.2] AndroidManifest.xml:37:17-82
164            <meta-data
164-->[com.google.firebase:firebase-datatransport:18.1.7] AndroidManifest.xml:27:13-29:85
165                android:name="com.google.firebase.components:com.google.firebase.datatransport.TransportRegistrar"
165-->[com.google.firebase:firebase-datatransport:18.1.7] AndroidManifest.xml:28:17-115
166                android:value="com.google.firebase.components.ComponentRegistrar" />
166-->[com.google.firebase:firebase-datatransport:18.1.7] AndroidManifest.xml:29:17-82
167        </service>
168
169        <activity
169-->[com.google.firebase:firebase-auth:22.3.0] AndroidManifest.xml:29:9-46:20
170            android:name="com.google.firebase.auth.internal.GenericIdpActivity"
170-->[com.google.firebase:firebase-auth:22.3.0] AndroidManifest.xml:30:13-80
171            android:excludeFromRecents="true"
171-->[com.google.firebase:firebase-auth:22.3.0] AndroidManifest.xml:31:13-46
172            android:exported="true"
172-->[com.google.firebase:firebase-auth:22.3.0] AndroidManifest.xml:32:13-36
173            android:launchMode="singleTask"
173-->[com.google.firebase:firebase-auth:22.3.0] AndroidManifest.xml:33:13-44
174            android:theme="@android:style/Theme.Translucent.NoTitleBar" >
174-->[com.google.firebase:firebase-auth:22.3.0] AndroidManifest.xml:34:13-72
175            <intent-filter>
175-->[com.google.firebase:firebase-auth:22.3.0] AndroidManifest.xml:35:13-45:29
176                <action android:name="android.intent.action.VIEW" />
176-->[com.google.firebase:firebase-auth:22.3.0] AndroidManifest.xml:36:17-69
176-->[com.google.firebase:firebase-auth:22.3.0] AndroidManifest.xml:36:25-66
177
178                <category android:name="android.intent.category.DEFAULT" />
178-->[com.google.firebase:firebase-auth:22.3.0] AndroidManifest.xml:38:17-76
178-->[com.google.firebase:firebase-auth:22.3.0] AndroidManifest.xml:38:27-73
179                <category android:name="android.intent.category.BROWSABLE" />
179-->[com.google.firebase:firebase-auth:22.3.0] AndroidManifest.xml:39:17-78
179-->[com.google.firebase:firebase-auth:22.3.0] AndroidManifest.xml:39:27-75
180
181                <data
181-->[com.google.firebase:firebase-auth:22.3.0] AndroidManifest.xml:41:17-44:51
182                    android:host="firebase.auth"
182-->[com.google.firebase:firebase-auth:22.3.0] AndroidManifest.xml:42:21-49
183                    android:path="/"
183-->[com.google.firebase:firebase-auth:22.3.0] AndroidManifest.xml:43:21-37
184                    android:scheme="genericidp" />
184-->[com.google.firebase:firebase-auth:22.3.0] AndroidManifest.xml:44:21-48
185            </intent-filter>
186        </activity>
187        <activity
187-->[com.google.firebase:firebase-auth:22.3.0] AndroidManifest.xml:47:9-64:20
188            android:name="com.google.firebase.auth.internal.RecaptchaActivity"
188-->[com.google.firebase:firebase-auth:22.3.0] AndroidManifest.xml:48:13-79
189            android:excludeFromRecents="true"
189-->[com.google.firebase:firebase-auth:22.3.0] AndroidManifest.xml:49:13-46
190            android:exported="true"
190-->[com.google.firebase:firebase-auth:22.3.0] AndroidManifest.xml:50:13-36
191            android:launchMode="singleTask"
191-->[com.google.firebase:firebase-auth:22.3.0] AndroidManifest.xml:51:13-44
192            android:theme="@android:style/Theme.Translucent.NoTitleBar" >
192-->[com.google.firebase:firebase-auth:22.3.0] AndroidManifest.xml:52:13-72
193            <intent-filter>
193-->[com.google.firebase:firebase-auth:22.3.0] AndroidManifest.xml:53:13-63:29
194                <action android:name="android.intent.action.VIEW" />
194-->[com.google.firebase:firebase-auth:22.3.0] AndroidManifest.xml:36:17-69
194-->[com.google.firebase:firebase-auth:22.3.0] AndroidManifest.xml:36:25-66
195
196                <category android:name="android.intent.category.DEFAULT" />
196-->[com.google.firebase:firebase-auth:22.3.0] AndroidManifest.xml:38:17-76
196-->[com.google.firebase:firebase-auth:22.3.0] AndroidManifest.xml:38:27-73
197                <category android:name="android.intent.category.BROWSABLE" />
197-->[com.google.firebase:firebase-auth:22.3.0] AndroidManifest.xml:39:17-78
197-->[com.google.firebase:firebase-auth:22.3.0] AndroidManifest.xml:39:27-75
198
199                <data
199-->[com.google.firebase:firebase-auth:22.3.0] AndroidManifest.xml:41:17-44:51
200                    android:host="firebase.auth"
200-->[com.google.firebase:firebase-auth:22.3.0] AndroidManifest.xml:42:21-49
201                    android:path="/"
201-->[com.google.firebase:firebase-auth:22.3.0] AndroidManifest.xml:43:21-37
202                    android:scheme="recaptcha" />
202-->[com.google.firebase:firebase-auth:22.3.0] AndroidManifest.xml:44:21-48
203            </intent-filter>
204        </activity>
205
206        <receiver
206-->[com.google.firebase:firebase-messaging:23.4.0] AndroidManifest.xml:29:9-40:20
207            android:name="com.google.firebase.iid.FirebaseInstanceIdReceiver"
207-->[com.google.firebase:firebase-messaging:23.4.0] AndroidManifest.xml:30:13-78
208            android:exported="true"
208-->[com.google.firebase:firebase-messaging:23.4.0] AndroidManifest.xml:31:13-36
209            android:permission="com.google.android.c2dm.permission.SEND" >
209-->[com.google.firebase:firebase-messaging:23.4.0] AndroidManifest.xml:32:13-73
210            <intent-filter>
210-->[com.google.firebase:firebase-messaging:23.4.0] AndroidManifest.xml:33:13-35:29
211                <action android:name="com.google.android.c2dm.intent.RECEIVE" />
211-->[com.google.firebase:firebase-messaging:23.4.0] AndroidManifest.xml:34:17-81
211-->[com.google.firebase:firebase-messaging:23.4.0] AndroidManifest.xml:34:25-78
212            </intent-filter>
213
214            <meta-data
214-->[com.google.firebase:firebase-messaging:23.4.0] AndroidManifest.xml:37:13-39:40
215                android:name="com.google.android.gms.cloudmessaging.FINISHED_AFTER_HANDLED"
215-->[com.google.firebase:firebase-messaging:23.4.0] AndroidManifest.xml:38:17-92
216                android:value="true" />
216-->[com.google.firebase:firebase-messaging:23.4.0] AndroidManifest.xml:39:17-37
217        </receiver>
218        <!--
219             FirebaseMessagingService performs security checks at runtime,
220             but set to not exported to explicitly avoid allowing another app to call it.
221        -->
222        <service
222-->[com.google.firebase:firebase-messaging:23.4.0] AndroidManifest.xml:46:9-53:19
223            android:name="com.google.firebase.messaging.FirebaseMessagingService"
223-->[com.google.firebase:firebase-messaging:23.4.0] AndroidManifest.xml:47:13-82
224            android:directBootAware="true"
224-->[com.google.firebase:firebase-messaging:23.4.0] AndroidManifest.xml:48:13-43
225            android:exported="false" >
225-->[com.google.firebase:firebase-messaging:23.4.0] AndroidManifest.xml:49:13-37
226            <intent-filter android:priority="-500" >
226-->src/main/AndroidManifest.xml:67:13-69:29
227                <action android:name="com.google.firebase.MESSAGING_EVENT" />
227-->src/main/AndroidManifest.xml:68:17-78
227-->src/main/AndroidManifest.xml:68:25-75
228            </intent-filter>
229        </service>
230
231        <activity
231-->[com.google.android.gms:play-services-base:18.1.0] AndroidManifest.xml:20:9-22:45
232            android:name="com.google.android.gms.common.api.GoogleApiActivity"
232-->[com.google.android.gms:play-services-base:18.1.0] AndroidManifest.xml:20:19-85
233            android:exported="false"
233-->[com.google.android.gms:play-services-base:18.1.0] AndroidManifest.xml:22:19-43
234            android:theme="@android:style/Theme.Translucent.NoTitleBar" />
234-->[com.google.android.gms:play-services-base:18.1.0] AndroidManifest.xml:21:19-78
235
236        <receiver
236-->[com.google.android.gms:play-services-measurement:21.5.0] AndroidManifest.xml:29:9-33:20
237            android:name="com.google.android.gms.measurement.AppMeasurementReceiver"
237-->[com.google.android.gms:play-services-measurement:21.5.0] AndroidManifest.xml:30:13-85
238            android:enabled="true"
238-->[com.google.android.gms:play-services-measurement:21.5.0] AndroidManifest.xml:31:13-35
239            android:exported="false" >
239-->[com.google.android.gms:play-services-measurement:21.5.0] AndroidManifest.xml:32:13-37
240        </receiver>
241
242        <service
242-->[com.google.android.gms:play-services-measurement:21.5.0] AndroidManifest.xml:35:9-38:40
243            android:name="com.google.android.gms.measurement.AppMeasurementService"
243-->[com.google.android.gms:play-services-measurement:21.5.0] AndroidManifest.xml:36:13-84
244            android:enabled="true"
244-->[com.google.android.gms:play-services-measurement:21.5.0] AndroidManifest.xml:37:13-35
245            android:exported="false" />
245-->[com.google.android.gms:play-services-measurement:21.5.0] AndroidManifest.xml:38:13-37
246        <service
246-->[com.google.android.gms:play-services-measurement:21.5.0] AndroidManifest.xml:39:9-43:72
247            android:name="com.google.android.gms.measurement.AppMeasurementJobService"
247-->[com.google.android.gms:play-services-measurement:21.5.0] AndroidManifest.xml:40:13-87
248            android:enabled="true"
248-->[com.google.android.gms:play-services-measurement:21.5.0] AndroidManifest.xml:41:13-35
249            android:exported="false"
249-->[com.google.android.gms:play-services-measurement:21.5.0] AndroidManifest.xml:42:13-37
250            android:permission="android.permission.BIND_JOB_SERVICE" />
250-->[com.google.android.gms:play-services-measurement:21.5.0] AndroidManifest.xml:43:13-69
251
252        <provider
252-->[androidx.emoji2:emoji2:1.2.0] AndroidManifest.xml:24:9-32:20
253            android:name="androidx.startup.InitializationProvider"
253-->[androidx.emoji2:emoji2:1.2.0] AndroidManifest.xml:25:13-67
254            android:authorities="nir.wolff.androidx-startup"
254-->[androidx.emoji2:emoji2:1.2.0] AndroidManifest.xml:26:13-68
255            android:exported="false" >
255-->[androidx.emoji2:emoji2:1.2.0] AndroidManifest.xml:27:13-37
256            <meta-data
256-->[androidx.emoji2:emoji2:1.2.0] AndroidManifest.xml:29:13-31:52
257                android:name="androidx.emoji2.text.EmojiCompatInitializer"
257-->[androidx.emoji2:emoji2:1.2.0] AndroidManifest.xml:30:17-75
258                android:value="androidx.startup" />
258-->[androidx.emoji2:emoji2:1.2.0] AndroidManifest.xml:31:17-49
259            <meta-data
259-->[androidx.lifecycle:lifecycle-process:2.6.2] AndroidManifest.xml:29:13-31:52
260                android:name="androidx.lifecycle.ProcessLifecycleInitializer"
260-->[androidx.lifecycle:lifecycle-process:2.6.2] AndroidManifest.xml:30:17-78
261                android:value="androidx.startup" />
261-->[androidx.lifecycle:lifecycle-process:2.6.2] AndroidManifest.xml:31:17-49
262            <meta-data
262-->[androidx.profileinstaller:profileinstaller:1.3.0] AndroidManifest.xml:29:13-31:52
263                android:name="androidx.profileinstaller.ProfileInstallerInitializer"
263-->[androidx.profileinstaller:profileinstaller:1.3.0] AndroidManifest.xml:30:17-85
264                android:value="androidx.startup" />